---Dinero IV cache simulator, version 7
---Written by Jan Edler and Mark D. Hill
---Copyright (C) 1997 NEC Research Institute, Inc. and Mark D. Hill.
---All rights reserved.
---Copyright (C) 1985, 1989 Mark D. Hill.  All rights reserved.
---See -copyright option for details

---Summary of options (-help option gives usage information).

-l1-usize 4096
-l1-ubsize 64
-l1-usbsize 64
-l1-uassoc 1
-l1-urepl l
-l1-ufetch d
-l1-uwalloc a
-l1-uwback a
-skipcount 0
-flushcount 0
-maxcount 0
-stat-interval 0
-informat d
-on-trigger 0x0
-off-trigger 0x0

---Simulation begins.
---Simulation complete.
l1-ucache
 Metrics		      Total	      Instrn	       Data	       Read	      Write	       Misc
 -----------------	      ------	      ------	      ------	      ------	      ------	      ------
 Demand Fetches		     1000002	      757341	      242661	      159631	       83030	           0
  Fraction of total	      1.0000	      0.7573	      0.2427	      0.1596	      0.0830	      0.0000

 Demand Misses		       89580	       50787	       38793	       29190	        9603	           0
  Demand miss rate	      0.0896	      0.0671	      0.1599	      0.1829	      0.1157	      0.0000

 Multi-block refs                 0
 Bytes From Memory	     5733120
 ( / Demand Fetches)	      5.7331
 Bytes To Memory	      910080
 ( / Demand Writes)	     10.9609
 Total Bytes r/w Mem	     6643200
 ( / Demand Fetches)	      6.6432

---Execution complete.
