---Dinero IV cache simulator, version 7
---Written by Jan Edler and Mark D. Hill
---Copyright (C) 1997 NEC Research Institute, Inc. and Mark D. Hill.
---All rights reserved.
---Copyright (C) 1985, 1989 Mark D. Hill.  All rights reserved.
---See -copyright option for details

---Summary of options (-help option gives usage information).

-l1-usize 4096
-l1-ubsize 32
-l1-usbsize 32
-l1-uassoc 1
-l1-urepl m
-l1-ufetch d
-l1-uwalloc a
-l1-uwback a
-skipcount 0
-flushcount 0
-maxcount 0
-stat-interval 0
-informat d
-on-trigger 0x0
-off-trigger 0x0

---Simulation begins.
---Simulation complete.
l1-ucache
 Metrics		      Total	      Instrn	       Data	       Read	      Write	       Misc
 -----------------	      ------	      ------	      ------	      ------	      ------	      ------
 Demand Fetches		     1000002	      757341	      242661	      159631	       83030	           0
  Fraction of total	      1.0000	      0.7573	      0.2427	      0.1596	      0.0830	      0.0000

 Demand Misses		      104630	       66844	       37786	       27139	       10647	           0
  Demand miss rate	      0.1046	      0.0883	      0.1557	      0.1700	      0.1282	      0.0000

 Multi-block refs                 0
 Bytes From Memory	     3348160
 ( / Demand Fetches)	      3.3482
 Bytes To Memory	         480
 ( / Demand Writes)	      0.0058
 Total Bytes r/w Mem	     3348640
 ( / Demand Fetches)	      3.3486

---Execution complete.
