---Dinero IV cache simulator, version 7
---Written by Jan Edler and Mark D. Hill
---Copyright (C) 1997 NEC Research Institute, Inc. and Mark D. Hill.
---All rights reserved.
---Copyright (C) 1985, 1989 Mark D. Hill.  All rights reserved.
---See -copyright option for details

---Summary of options (-help option gives usage information).

-l1-usize 8
-l1-ubsize 4
-l1-usbsize 4
-l1-uassoc 2
-l1-urepl l
-l1-ufetch d
-l1-uwalloc a
-l1-uwback a
-skipcount 0
-flushcount 0
-maxcount 0
-stat-interval 0
-informat d
-on-trigger 0x0
-off-trigger 0x0

---Simulation begins.
---Simulation complete.
l1-ucache
 Metrics		      Total	      Instrn	       Data	       Read	      Write	       Misc
 -----------------	      ------	      ------	      ------	      ------	      ------	      ------
 Demand Fetches		           6	           0	           6	           6	           0	           0
  Fraction of total	      1.0000	      0.0000	      1.0000	      1.0000	      0.0000	      0.0000

 Demand Misses		           4	           0	           4	           4	           0	           0
  Demand miss rate	      0.6667	      0.0000	      0.6667	      0.6667	      0.0000	      0.0000

 Multi-block refs                 0
 Bytes From Memory	          16
 ( / Demand Fetches)	      2.6667
 Bytes To Memory	           0
 ( / Demand Writes)	      0.0000
 Total Bytes r/w Mem	          16
 ( / Demand Fetches)	      2.6667

---Execution complete.
